[0m16:17:59.862420 [debug] [MainThread]: Sending event: {'category': 'dbt', 'action': 'invocation', 'label': 'start', 'context': [<snowplow_tracker.self_describing_json.SelfDescribingJson object at 0x00000217A5863FB0>, <snowplow_tracker.self_describing_json.SelfDescribingJson object at 0x00000217A5F1FD40>, <snowplow_tracker.self_describing_json.SelfDescribingJson object at 0x00000217A5EB8950>]}


============================== 16:17:59.950295 | b5a2d8a8-27a2-4c01-ba9c-afa776292ca2 ==============================
[0m16:17:59.950295 [info ] [MainThread]: Running with dbt=1.11.12
[0m16:17:59.950295 [debug] [MainThread]: running dbt with arguments {'version_check': 'True', 'no_print': 'None', 'static_parser': 'True', 'warn_error_options': 'WarnErrorOptionsV2(error=[], warn=[], silence=[])', 'target_path': 'None', 'printer_width': '80', 'write_json': 'True', 'introspect': 'True', 'log_cache_events': 'False', 'empty': 'None', 'cache_selected_only': 'False', 'log_format': 'default', 'debug': 'False', 'fail_fast': 'False', 'profiles_dir': 'C:\\Users\\ianko\\.dbt', 'send_anonymous_usage_stats': 'True', 'quiet': 'False', 'warn_error': 'None', 'partial_parse': 'True', 'indirect_selection': 'eager', 'invocation_command': 'dbt init wt_data_dbt', 'use_colors': 'True', 'use_experimental_parser': 'False', 'log_path': 'logs'}
[0m16:18:00.224280 [debug] [MainThread]: Starter project path: C:\Users\ianko\Desktop\Project\WT_Data_transform\.venv\Lib\site-packages\dbt\include\starter_project
[0m16:18:00.251479 [info ] [MainThread]: 
Your new dbt project "wt_data_dbt" was created!

For more information on how to configure the profiles.yml file,
please consult the dbt documentation here:

  https://docs.getdbt.com/docs/configure-your-profile

One more thing:

Need help? Don't hesitate to reach out to us via GitHub issues or on Slack:

  https://community.getdbt.com/

Happy modeling!

[0m16:18:00.251479 [info ] [MainThread]: Setting up your profile.
[0m16:19:48.669711 [info ] [MainThread]: Profile wt_data_dbt written to C:\Users\ianko\.dbt\profiles.yml using target's profile_template.yml and your supplied values. Run 'dbt debug' to validate the connection.
[0m16:19:48.682425 [debug] [MainThread]: Command `dbt init` succeeded at 16:19:48.682425 after 109.02 seconds
[0m16:19:48.683434 [debug] [MainThread]: Sending event: {'category': 'dbt', 'action': 'invocation', 'label': 'end', 'context': [<snowplow_tracker.self_describing_json.SelfDescribingJson object at 0x00000217A625B590>, <snowplow_tracker.self_describing_json.SelfDescribingJson object at 0x00000217D7FB7620>, <snowplow_tracker.self_describing_json.SelfDescribingJson object at 0x00000217D87BA480>]}
[0m16:19:48.683434 [debug] [MainThread]: Flushing usage events
[0m16:19:49.695676 [debug] [MainThread]: An error was encountered while trying to flush usage events
